[    0.000000] Linux version 4.15.0-213-generic (buildd@lcy02-amd64-079) (gcc version 7.5.0 (Ubuntu 7.5.0-3ubuntu1~18.04)) #224-Ubuntu SMP Mon Jun 19 13:30:12 UTC 2023 (Ubuntu 4.15.0-213.224-generic 4.15.18)
[    0.000000] Command line: BOOT_IMAGE=/boot/vmlinuz-4.15.0-213-generic root=UUID=f685bb41-0e3b-40c4-89c1-eea0f0583525 ro console=tty1 console=ttyS0
[    0.000000] KERNEL supported cpus:
[    0.000000]   Intel GenuineIntel
[    0.000000]   AMD AuthenticAMD
[    0.000000]   Centaur CentaurHauls
[    0.000000] [Firmware Bug]: TSC doesn't count with P0 frequency!
[    0.000000] x86/fpu: x87 FPU will use FXSAVE
[    0.000000] e820: BIOS-provided physical RAM map:
[    0.000000] BIOS-e820: [mem 0x0000000000000000-0x000000000009fbff] usable
[    0.000000] BIOS-e820: [mem 0x000000000009fc00-0x000000000009ffff] reserved
[    0.000000] BIOS-e820: [mem 0x00000000000f0000-0x00000000000fffff] reserved
[    0.000000] BIOS-e820: [mem 0x0000000000100000-0x000000007ffeffff] usable
[    0.000000] BIOS-e820: [mem 0x000000007fff0000-0x000000007fffffff] ACPI data
[    0.000000] BIOS-e820: [mem 0x00000000fec00000-0x00000000fec00fff] reserved
[    0.000000] BIOS-e820: [mem 0x00000000fee00000-0x00000000fee00fff] reserved
[    0.000000] BIOS-e820: [mem 0x00000000fffc0000-0x00000000ffffffff] reserved
[    0.000000] NX (Execute Disable) protection: active
[    0.000000] SMBIOS 2.5 present.
[    0.000000] DMI: innotek GmbH VirtualBox/VirtualBox, BIOS VirtualBox 12/01/2006
[    0.000000] Hypervisor detected: KVM
[    0.000000] e820: last_pfn = 0x7fff0 max_arch_pfn = 0x400000000
[    0.000000] x86/PAT: Configuration [0-7]: WB  WC  UC- UC  WB  WP  UC- WT  
[    0.000000] CPU MTRRs all blank - virtualized system.
[    0.000000] found SMP MP-table at [mem 0x0009fff0-0x0009ffff]
[    0.000000] Scanning 1 areas for low memory corruption
[    0.000000] RAMDISK: [mem 0x35819000-0x36c03fff]
[    0.000000] ACPI: Early table checksum verification disabled
[    0.000000] ACPI: RSDP 0x00000000000E0000 000024 (v02 VBOX  )
[    0.000000] ACPI: XSDT 0x000000007FFF0030 00003C (v01 VBOX   VBOXXSDT 00000001 ASL  00000061)
[    0.000000] ACPI: FACP 0x000000007FFF00F0 0000F4 (v04 VBOX   VBOXFACP 00000001 ASL  00000061)
[    0.000000] ACPI: DSDT 0x000000007FFF0610 002353 (v02 VBOX   VBOXBIOS 00000002 INTL 20100528)
[    0.000000] ACPI: FACS 0x000000007FFF0200 000040
[    0.000000] ACPI: FACS 0x000000007FFF0200 000040
[    0.000000] ACPI: APIC 0x000000007FFF0240 00005C (v02 VBOX   VBOXAPIC 00000001 ASL  00000061)
[    0.000000] ACPI: SSDT 0x000000007FFF02A0 00036C (v01 VBOX   VBOXCPUT 00000002 INTL 20100528)
[    0.000000] ACPI: Reserving FACP table memory at [mem 0x7fff00f0-0x7fff01e3]
[    0.000000] ACPI: Reserving DSDT table memory at [mem 0x7fff0610-0x7fff2962]
[    0.000000] ACPI: Reserving FACS table memory at [mem 0x7fff0200-0x7fff023f]
[    0.000000] ACPI: Reserving FACS table memory at [mem 0x7fff0200-0x7fff023f]
[    0.000000] ACPI: Reserving APIC table memory at [mem 0x7fff0240-0x7fff029b]
[    0.000000] ACPI: Reserving SSDT table memory at [mem 0x7fff02a0-0x7fff060b]
[    0.000000] No NUMA configuration found
[    0.000000] Faking a node at [mem 0x0000000000000000-0x000000007ffeffff]
[    0.000000] NODE_DATA(0) allocated [mem 0x7ffc5000-0x7ffeffff]
[    0.000000] kvm-clock: cpu 0, msr 0:7ff44001, primary cpu clock
[    0.000000] kvm-clock: Using msrs 4b564d01 and 4b564d00
[    0.000000] kvm-clock: using sched offset of 3752188367 cycles
[    0.000000] clocksource: kvm-clock: mask: 0xffffffffffffffff max_cycles: 0x1cd42e4dffb, max_idle_ns: 881590591483 ns
[    0.000000] Zone ranges:
[    0.000000]   DMA      [mem 0x0000000000001000-0x0000000000ffffff]
[    0.000000]   DMA32    [mem 0x0000000001000000-0x000000007ffeffff]
[    0.000000]   Normal   empty
[    0.000000]   Device   empty
[    0.000000] Movable zone start for each node
[    0.000000] Early memory node ranges
[    0.000000]   node   0: [mem 0x0000000000001000-0x000000000009efff]
[    0.000000]   node   0: [mem 0x0000000000100000-0x000000007ffeffff]
[    0.000000] Reserved but unavailable: 104 pages
[    0.000000] Initmem setup node 0 [mem 0x0000000000001000-0x000000007ffeffff]
[    0.000000] ACPI: PM-Timer IO Port: 0x4008
[    0.000000] IOAPIC[0]: apic_id 2, version 32, address 0xfec00000, GSI 0-23
[    0.000000] ACPI: INT_SRC_OVR (bus 0 bus_irq 0 global_irq 2 dfl dfl)
[    0.000000] ACPI: INT_SRC_OVR (bus 0 bus_irq 9 global_irq 9 low level)
[    0.000000] Using ACPI (MADT) for SMP configuration information
[    0.000000] smpboot: Allowing 2 CPUs, 0 hotplug CPUs
[    0.000000] PM: Registered nosave memory: [mem 0x00000000-0x00000fff]
[    0.000000] PM: Registered nosave memory: [mem 0x0009f000-0x0009ffff]
[    0.000000] PM: Registered nosave memory: [mem 0x000a0000-0x000effff]
[    0.000000] PM: Registered nosave memory: [mem 0x000f0000-0x000fffff]
[    0.000000] e820: [mem 0x80000000-0xfebfffff] available for PCI devices
[    0.000000] Booting paravirtualized kernel on KVM
[    0.000000] clocksource: refined-jiffies: mask: 0xffffffff max_cycles: 0xffffffff, max_idle_ns: 7645519600211568 ns
[    0.000000] setup_percpu: NR_CPUS:8192 nr_cpumask_bits:2 nr_cpu_ids:2 nr_node_ids:1
[    0.000000] percpu: Embedded 50 pages/cpu s167936 r8192 d28672 u1048576
[    0.000000] PV qspinlock hash table entries: 256 (order: 0, 4096 bytes)
[    0.000000] Built 1 zonelists, mobility grouping on.  Total pages: 515961
[    0.000000] Policy zone: DMA32
[    0.000000] Kernel command line: BOOT_IMAGE=/boot/vmlinuz-4.15.0-213-generic root=UUID=f685bb41-0e3b-40c4-89c1-eea0f0583525 ro console=tty1 console=ttyS0
[    0.000000] Memory: 2013968K/2096696K available (12300K kernel code, 2477K rwdata, 4324K rodata, 2480K init, 2720K bss, 82728K reserved, 0K cma-reserved)
[    0.000000] SLUB: HWalign=64, Order=0-3, MinObjects=0, CPUs=2, Nodes=1
[    0.000000] ftrace: allocating 39508 entries in 155 pages
[    0.004000] Hierarchical RCU implementation.
[    0.004000] 	RCU restricting CPUs from NR_CPUS=8192 to nr_cpu_ids=2.
[    0.004000] 	Tasks RCU enabled.
[    0.004000] RCU: Adjusting geometry for rcu_fanout_leaf=16, nr_cpu_ids=2
[    0.004000] NR_IRQS: 524544, nr_irqs: 440, preallocated irqs: 16
[    0.004000] random: crng init done
[    0.004000] Console: colour VGA+ 80x25
[    0.004000] console [tty1] enabled
[    0.004000] console [ttyS0] enabled
[    0.004000] ACPI: Core revision 20170831
[    0.004000] ACPI: 2 ACPI AML tables successfully acquired and loaded
[    0.004000] APIC: Switch to symmetric I/O mode setup
[    0.004000] ..TIMER: vector=0x30 apic1=0 pin1=2 apic2=-1 pin2=-1
[    0.004000] tsc: Detected 3193.920 MHz processor
[    0.004000] Calibrating delay loop (skipped) preset value.. 6387.84 BogoMIPS (lpj=12775680)
[    0.004000] pid_max: default: 32768 minimum: 301
[    0.004000] Security Framework initialized
[    0.004000] Yama: becoming mindful.
[    0.004103] AppArmor: AppArmor initialized
[    0.022067] Dentry cache hash table entries: 262144 (order: 9, 2097152 bytes)
[    0.033544] Inode-cache hash table entries: 131072 (order: 8, 1048576 bytes)
[    0.036168] Mount-cache hash table entries: 4096 (order: 3, 32768 bytes)
[    0.040158] Mountpoint-cache hash table entries: 4096 (order: 3, 32768 bytes)
[    0.045702] Last level iTLB entries: 4KB 512, 2MB 512, 4MB 256
[    0.048004] Last level dTLB entries: 4KB 2048, 2MB 2048, 4MB 1024, 1GB 0
[    0.052004] Spectre V1 : Mitigation: usercopy/swapgs barriers and __user pointer sanitization
[    0.056004] Spectre V2 : Mitigation: Retpolines
[    0.060002] Spectre V2 : Spectre v2 / SpectreRSB mitigation: Filling RSB on context switch
[    0.064003] Spectre V2 : Spectre v2 / SpectreRSB : Filling RSB on VMEXIT
[    0.068190] Freeing SMP alternatives memory: 36K
[    0.196446] smpboot: CPU0: AMD Ryzen 7 5800H with Radeon Graphics (family: 0x19, model: 0x50, stepping: 0x0)
[    0.204630] Performance Events: PMU not available due to virtualization, using software events only.
[    0.208130] Hierarchical SRCU implementation.
[    0.212870] NMI watchdog: Perf event create on CPU 0 failed with -2
[    0.216004] NMI watchdog: Perf NMI watchdog permanently disabled
[    0.220437] smp: Bringing up secondary CPUs ...
[    0.225164] x86: Booting SMP configuration:
[    0.228007] .... node  #0, CPUs:      #1
[    0.004000] kvm-clock: cpu 1, msr 0:7ff44041, secondary cpu clock
[    0.240000] TSC synchronization [CPU#0 -> CPU#1]:
[    0.240000] Measured 44004 cycles TSC warp between CPUs, turning off TSC clock.
[    0.240000] tsc: Marking TSC unstable due to check_tsc_sync_source failed
[    0.244223] smp: Brought up 1 node, 2 CPUs
[    0.248006] smpboot: Max logical packages: 1
[    0.252004] smpboot: Total of 2 processors activated (12775.68 BogoMIPS)
[    0.260668] devtmpfs: initialized
[    0.264523] x86/mm: Memory block size: 128MB
[    0.268760] evm: security.selinux
[    0.272002] evm: security.SMACK64
[    0.280002] evm: security.SMACK64EXEC
[    0.284002] evm: security.SMACK64TRANSMUTE
[    0.288002] evm: security.SMACK64MMAP
[    0.292002] evm: security.apparmor
[    0.296002] evm: security.ima
[    0.300002] evm: security.capability
[    0.308125] clocksource: jiffies: mask: 0xffffffff max_cycles: 0xffffffff, max_idle_ns: 7645041785100000 ns
[    0.316010] futex hash table entries: 512 (order: 3, 32768 bytes)
[    0.324476] pinctrl core: initialized pinctrl subsystem
[    0.332222] RTC time:  0:27:50, date: 12/12/24
[    0.337360] NET: Registered protocol family 16
[    0.340147] audit: initializing netlink subsys (disabled)
[    0.348400] audit: type=2000 audit(1733963276.114:1): state=initialized audit_enabled=0 res=1
[    0.352241] cpuidle: using governor ladder
[    0.356309] cpuidle: using governor menu
[    0.364347] ACPI: bus type PCI registered
[    0.367790] acpiphp: ACPI Hot Plug PCI Controller Driver version: 0.5
[    0.368551] PCI: Using configuration type 1 for base access
[    0.372002] PCI: Using configuration type 1 for extended access
[    0.380512] HugeTLB registered 2.00 MiB page size, pre-allocated 0 pages
[    0.388308] ACPI: Added _OSI(Module Device)
[    0.396003] ACPI: Added _OSI(Processor Device)
[    0.400005] ACPI: Added _OSI(3.0 _SCP Extensions)
[    0.404002] ACPI: Added _OSI(Processor Aggregator Device)
[    0.408003] ACPI: Added _OSI(Linux-Dell-Video)
[    0.412003] ACPI: Added _OSI(Linux-Lenovo-NV-HDMI-Audio)
[    0.420003] ACPI: Added _OSI(Linux-HPI-Hybrid-Graphics)
[    0.424253] ACPI: Executed 1 blocks of module-level executable AML code
[    0.434631] ACPI: Interpreter enabled
[    0.440012] ACPI: (supports S0 S5)
[    0.440012] ACPI: Using IOAPIC for interrupt routing
[    0.448449] PCI: Using host bridge windows from ACPI; if necessary, use "pci=nocrs" and report a bug
[    0.456273] ACPI: Enabled 2 GPEs in block 00 to 07
[    0.471435] ACPI: PCI Root Bridge [PCI0] (domain 0000 [bus 00-ff])
[    0.476007] acpi PNP0A03:00: _OSC: OS supports [ExtendedConfig ASPM ClockPM Segments MSI]
[    0.485676] acpi PNP0A03:00: _OSC: platform does not support [PCIeCapability]
[    0.492767] acpi PNP0A03:00: _OSC: not requesting control; platform does not support [PCIeCapability]
[    0.500004] acpi PNP0A03:00: _OSC: OS requested [PCIeHotplug PME AER PCIeCapability]
[    0.508003] acpi PNP0A03:00: _OSC: platform willing to grant [PCIeHotplug PME AER]
[    0.512006] acpi PNP0A03:00: _OSC failed (AE_SUPPORT); disabling ASPM
[    0.520844] PCI host bridge to bus 0000:00
[    0.524004] pci_bus 0000:00: root bus resource [io  0x0000-0x0cf7 window]
[    0.532003] pci_bus 0000:00: root bus resource [io  0x0d00-0xffff window]
[    0.536004] pci_bus 0000:00: root bus resource [mem 0x000a0000-0x000bffff window]
[    0.544004] pci_bus 0000:00: root bus resource [mem 0x80000000-0xfdffffff window]
[    0.548005] pci_bus 0000:00: root bus resource [bus 00-ff]
[    0.561691] pci 0000:00:01.1: legacy IDE quirk: reg 0x10: [io  0x01f0-0x01f7]
[    0.568003] pci 0000:00:01.1: legacy IDE quirk: reg 0x14: [io  0x03f6]
[    0.572003] pci 0000:00:01.1: legacy IDE quirk: reg 0x18: [io  0x0170-0x0177]
[    0.580003] pci 0000:00:01.1: legacy IDE quirk: reg 0x1c: [io  0x0376]
[    0.604825] pci 0000:00:07.0: quirk: [io  0x4000-0x403f] claimed by PIIX4 ACPI
[    0.612037] pci 0000:00:07.0: quirk: [io  0x4100-0x410f] claimed by PIIX4 SMB
[    0.627489] ACPI: PCI Interrupt Link [LNKA] (IRQs 5 9 10 *11)
[    0.632587] ACPI: PCI Interrupt Link [LNKB] (IRQs 5 9 *10 11)
[    0.640223] ACPI: PCI Interrupt Link [LNKC] (IRQs 5 *9 10 11)
[    0.644226] ACPI: PCI Interrupt Link [LNKD] (IRQs 5 9 10 *11)
[    0.648907] SCSI subsystem initialized
[    0.656067] pci 0000:00:02.0: vgaarb: setting as boot VGA device
[    0.660000] pci 0000:00:02.0: vgaarb: VGA device added: decodes=io+mem,owns=io+mem,locks=none
[    0.668005] pci 0000:00:02.0: vgaarb: bridge control possible
[    0.672002] vgaarb: loaded
[    0.675015] ACPI: bus type USB registered
[    0.680025] usbcore: registered new interface driver usbfs
[    0.684037] usbcore: registered new interface driver hub
[    0.688010] usbcore: registered new device driver usb
[    0.696003] EDAC MC: Ver: 3.0.0
[    0.700472] PCI: Using ACPI for IRQ routing
[    0.704804] NetLabel: Initializing
[    0.707658] NetLabel:  domain hash size = 128
[    0.708002] NetLabel:  protocols = UNLABELED CIPSOv4 CALIPSO
[    0.712015] NetLabel:  unlabeled traffic allowed by default
[    0.720324] clocksource: Switched to clocksource kvm-clock
[    0.772090] VFS: Disk quotas dquot_6.6.0
[    0.780184] VFS: Dquot-cache hash table entries: 512 (order 0, 4096 bytes)
[    0.786917] AppArmor: AppArmor Filesystem Enabled
[    0.792124] pnp: PnP ACPI init
[    0.797683] pnp: PnP ACPI: found 3 devices
[    0.839423] clocksource: acpi_pm: mask: 0xffffff max_cycles: 0xffffff, max_idle_ns: 2085701024 ns
[    0.847561] NET: Registered protocol family 2
[    0.852980] IP idents hash table entries: 32768 (order: 6, 262144 bytes)
[    0.859310] TCP established hash table entries: 16384 (order: 5, 131072 bytes)
[    0.866593] TCP bind hash table entries: 16384 (order: 6, 262144 bytes)
[    0.873859] TCP: Hash tables configured (established 16384 bind 16384)
[    0.880539] UDP hash table entries: 1024 (order: 3, 32768 bytes)
[    0.886398] UDP-Lite hash table entries: 1024 (order: 3, 32768 bytes)
[    0.892516] NET: Registered protocol family 1
[    0.896631] pci 0000:00:00.0: Limiting direct PCI/PCI transfers
[    0.902213] pci 0000:00:01.0: Activating ISA DMA hang workarounds
[    0.907930] pci 0000:00:02.0: Video device with shadowed ROM at [mem 0x000c0000-0x000dffff]
[    0.916223] Unpacking initramfs...
[    1.238915] Freeing initrd memory: 20396K
[    1.417036] clocksource: tsc: mask: 0xffffffffffffffff max_cycles: 0x2e09dacf849, max_idle_ns: 440795304058 ns
[    1.425619] platform rtc_cmos: registered platform RTC device (no PNP device found)
[    1.432421] Scanning for low memory corruption every 60 seconds
[    1.439930] Initialise system trusted keyrings
[    1.444263] Key type blacklist registered
[    1.448555] workingset: timestamp_bits=36 max_order=19 bucket_order=0
[    1.457020] zbud: loaded
[    1.462037] squashfs: version 4.0 (2009/01/31) Phillip Lougher
[    1.468488] fuse init (API version 7.26)
[    1.499739] Key type asymmetric registered
[    1.503323] Asymmetric key parser 'x509' registered
[    1.507693] Block layer SCSI generic (bsg) driver version 0.4 loaded (major 246)
[    1.514409] io scheduler noop registered
[    1.517963] io scheduler deadline registered
[    1.521731] io scheduler cfq registered (default)
[    1.526605] ACPI: AC Adapter [AC] (on-line)
[    1.530457] input: Power Button as /devices/LNXSYSTM:00/LNXPWRBN:00/input/input0
[    1.537253] ACPI: Power Button [PWRF]
[    1.540541] input: Sleep Button as /devices/LNXSYSTM:00/LNXSLPBN:00/input/input1
[    1.546966] ACPI: Sleep Button [SLPF]
[    1.553357] ACPI: Battery Slot [BAT0] (battery present)
[    1.558582] Serial: 8250/16550 driver, 32 ports, IRQ sharing enabled
[    1.590878] 00:02: ttyS0 at I/O 0x3f8 (irq = 4, base_baud = 115200) is a 16550A
[    1.612726] Linux agpgart interface v0.103
[    1.627899] loop: module loaded
[    1.634025] scsi host0: ata_piix
[    1.638023] scsi host1: ata_piix
[    1.641070] ata1: PATA max UDMA/33 cmd 0x1f0 ctl 0x3f6 bmdma 0xd000 irq 14
[    1.644953] ata2: PATA max UDMA/33 cmd 0x170 ctl 0x376 bmdma 0xd008 irq 15
[    1.652787] tun: Universal TUN/TAP device driver, 1.6
[    1.657941] PPP generic driver version 2.4.2
[    1.662512] ehci_hcd: USB 2.0 'Enhanced' Host Controller (EHCI) Driver
[    1.668009] ehci-pci: EHCI PCI platform driver
[    1.671909] ehci-platform: EHCI generic platform driver
[    1.676678] ohci_hcd: USB 1.1 'Open' Host Controller (OHCI) Driver
[    1.680618] ohci-pci: OHCI PCI platform driver
[    1.685725] ohci-platform: OHCI generic platform driver
[    1.690555] uhci_hcd: USB Universal Host Controller Interface driver
[    1.696581] i8042: PNP: PS/2 Controller [PNP0303:PS2K,PNP0f03:PS2M] at 0x60,0x64 irq 1,12
[    1.706946] serio: i8042 KBD port at 0x60,0x64 irq 1
[    1.711382] serio: i8042 AUX port at 0x60,0x64 irq 12
[    1.716571] mousedev: PS/2 mouse device common for all mice
[    1.724537] rtc_cmos rtc_cmos: rtc core: registered rtc_cmos as rtc0
[    1.730238] input: AT Translated Set 2 keyboard as /devices/platform/i8042/serio0/input/input2
[    1.732914] rtc_cmos rtc_cmos: alarms up to one day, 114 bytes nvram
[    1.743491] i2c /dev entries driver
[    1.747081] device-mapper: uevent: version 1.0.3
[    1.752176] device-mapper: ioctl: 4.37.0-ioctl (2017-09-20) initialised: dm-devel@redhat.com
[    1.759859] ledtrig-cpu: registered to indicate activity on CPUs
[    1.766817] NET: Registered protocol family 10
[    1.781210] Segment Routing with IPv6
[    1.785002] NET: Registered protocol family 17
[    1.789942] Key type dns_resolver registered
[    1.794352] mce: Using 0 MCE banks
[    1.797466] RAS: Correctable Errors collector initialized.
[    1.802376] sched_clock: Marking stable (1802251989, 0)->(2565135202, -762883213)
[    1.811433] registered taskstats version 1
[    1.815253] Loading compiled-in X.509 certificates
[    1.830093] Loaded X.509 cert 'Build time autogenerated kernel key: cdc7189136aaa35407544516090e2034d9c28e14'
[    1.839021] Loaded X.509 cert 'Canonical Ltd. Live Patch Signing: 14df34d1a87cf37625abec039ef2bf521249b969'
[    1.847541] Loaded X.509 cert 'Canonical Ltd. Kernel Module Signing: 88f752e560a1e0737e31163a466ad7b70a850c19'
[    1.855890] blacklist: Loading compiled-in revocation X.509 certificates
[    1.861589] Loaded X.509 cert 'Canonical Ltd. Secure Boot Signing: 61482aa2830d0ab2ad5af10b7250da9033ddcef0'
[    1.869872] Loaded X.509 cert 'Canonical Ltd. Secure Boot Signing (2017): 242ade75ac4a15e50d50c84b0d45ff3eae707a03'
[    1.878707] Loaded X.509 cert 'Canonical Ltd. Secure Boot Signing (ESM 2018): 365188c1d374d6b07c3c8f240f8ef722433d6a8b'
[    1.887715] Loaded X.509 cert 'Canonical Ltd. Secure Boot Signing (2019): c0746fd6c5da3ae827864651ad66ae47fe24b3e8'
[    1.896301] Loaded X.509 cert 'Canonical Ltd. Secure Boot Signing (2021 v1): a8d54bbb3825cfb94fa13c9f8a594a195c107b8d'
[    1.905337] Loaded X.509 cert 'Canonical Ltd. Secure Boot Signing (2021 v2): 4cf046892d6fd3c9a5b03f98d845f90851dc6a8c'
[    1.914689] Loaded X.509 cert 'Canonical Ltd. Secure Boot Signing (2021 v3): 100437bb6de6e469b581e61cd66bce3ef4ed53af'
[    1.924331] Loaded X.509 cert 'Canonical Ltd. Secure Boot Signing (Ubuntu Core 2019): c1d57b8f6b743f23ee41f4f7ee292f06eecadfb9'
[    1.933646] zswap: loaded using pool lzo/zbud
[    1.946062] Key type big_key registered
[    1.949554] Key type trusted registered
[    1.956177] Key type encrypted registered
[    1.959767] AppArmor: AppArmor sha1 policy hashing enabled
[    1.964438] ima: No TPM chip found, activating TPM-bypass! (rc=-19)
[    1.969704] ima: Allocated hash algorithm: sha1
[    1.973627] evm: HMAC attrs: 0x1
[    1.977297]   Magic number: 4:860:455
[    1.981275] rtc_cmos rtc_cmos: setting system clock to 2024-12-12 00:27:52 UTC (1733963272)
[    1.988938] BIOS EDD facility v0.16 2004-Jun-25, 0 devices found
[    1.993940] EDD information not available.
[    1.999913] Freeing unused kernel image memory: 2480K
[    2.667217] Write protecting the kernel read-only data: 20480k
[    2.673867] Freeing unused kernel image memory: 2008K
[    2.678873] Freeing unused kernel image memory: 1820K
[    2.686747] x86/mm: Checked W+X mappings: passed, no W+X pages found.
Loading, please wait...
starting version 237
[    2.754843] e1000: Intel(R) PRO/1000 Network Driver - version 7.3.21-k8-NAPI
[    2.760640] e1000: Copyright (c) 1999-2006 Intel Corporation.
[    2.786189] SSE version of gcm_enc/dec engaged.
[    2.793622] Fusion MPT base driver 3.04.20
[    2.797274] Copyright (c) 1999-2008 LSI Corporation
[    2.818424] Fusion MPT SPI Host driver 3.04.20
[    3.015709] input: ImExPS/2 Generic Explorer Mouse as /devices/platform/i8042/serio1/input/input4
[    3.407827] e1000 0000:00:03.0 eth0: (PCI:33MHz:32-bit) 02:3b:7b:b7:3b:2d
[    3.413829] e1000 0000:00:03.0 eth0: Intel(R) PRO/1000 Network Connection
[    3.422079] mptbase: ioc0: Initiating bringup
[    4.175124] ioc0: LSI53C1030 A0: Capabilities={Initiator}
[    5.700598] scsi host2: ioc0: LSI53C1030 A0, FwRev=00000000h, Ports=1, MaxQ=256, IRQ=20
[    5.878451] scsi 2:0:0:0: Direct-Access     VBOX     HARDDISK         1.0  PQ: 0 ANSI: 5
[    5.920108] scsi target2:0:0: Beginning Domain Validation
[    5.930124] scsi target2:0:0: Domain Validation skipping write tests
[    5.935865] scsi target2:0:0: Ending Domain Validation
[    5.940541] scsi target2:0:0: asynchronous
[    5.945600] scsi 2:0:1:0: Direct-Access     VBOX     HARDDISK         1.0  PQ: 0 ANSI: 5
[    6.388245] scsi target2:0:1: Beginning Domain Validation
[    6.397597] scsi target2:0:1: Domain Validation skipping write tests
[    6.402971] scsi target2:0:1: Ending Domain Validation
[    6.407813] scsi target2:0:1: asynchronous
[    6.420639] sd 2:0:0:0: Attached scsi generic sg0 type 0
[    6.426883] sd 2:0:0:0: [sda] 83886080 512-byte logical blocks: (42.9 GB/40.0 GiB)
[    6.427184] sd 2:0:1:0: [sdb] 20480 512-byte logical blocks: (10.5 MB/10.0 MiB)
[    6.433912] sd 2:0:1:0: Attached scsi generic sg1 type 0
[    6.440619] sd 2:0:1:0: [sdb] Write Protect is off
[    6.445512] sd 2:0:0:0: [sda] Write Protect is off
[    6.455009] sd 2:0:0:0: [sda] Incomplete mode parameter data
[    6.455153] sd 2:0:1:0: [sdb] Incomplete mode parameter data
[    6.459703] sd 2:0:0:0: [sda] Assuming drive cache: write through
[    6.466480]  sda: sda1
[    6.471008] sd 2:0:1:0: [sdb] Assuming drive cache: write through
[    6.480941] sd 2:0:0:0: [sda] Attached SCSI disk
[    6.490195] sd 2:0:1:0: [sdb] Attached SCSI disk
[    6.502265] e1000 0000:00:08.0 eth1: (PCI:33MHz:32-bit) 08:00:27:96:44:4e
[    6.508698] e1000 0000:00:08.0 eth1: Intel(R) PRO/1000 Network Connection
[    6.517521] e1000 0000:00:03.0 enp0s3: renamed from eth0
[    6.533769] e1000 0000:00:08.0 enp0s8: renamed from eth1
Begin: Loading essential drivers ... [    8.084629] raid6: sse2x1   gen()  7419 MB/s
[    8.136691] raid6: sse2x1   xor() 13272 MB/s
[    8.188341] raid6: sse2x2   gen() 14376 MB/s
[    8.240191] raid6: sse2x2   xor() 16142 MB/s
[    8.288049] raid6: sse2x4   gen() 19984 MB/s
[    8.336177] raid6: sse2x4   xor()  4766 MB/s
[    8.339777] raid6: using algorithm sse2x4 gen() 19984 MB/s
[    8.344519] raid6: .... xor() 4766 MB/s, rmw enabled
[    8.348758] raid6: using ssse3x2 recovery algorithm
[    8.354388] xor: measuring software checksum speed
[    8.396381]    prefetch64-sse: 22460.000 MB/sec
[    8.440133]    generic_sse: 18098.000 MB/sec
[    8.443703] xor: using function: prefetch64-sse (22460.000 MB/sec)
[    8.450549] async_tx: api initialized (async)
done.
Begin: Running /scripts/init-premount ... done.
Begin: Mounting root file system ... Begin: Running /scripts/local-top ... done.
Begin: Running /scripts/local-premount ... [    8.500753] Btrfs loaded, crc32c=crc32c-intel
Scanning for Btrfs filesystems
done.
Begin: Will now check root file system ... fsck from util-linux 2.31.1
[/sbin/fsck.ext4 (1) -- /dev/sda1] fsck.ext4 -a -C0 /dev/sda1 
cloudimg-rootfs: recovering journal
cloudimg-rootfs: Clearing orphaned inode 17559 (uid=112, gid=118, mode=0100600, size=0)
cloudimg-rootfs: Clearing orphaned inode 17558 (uid=112, gid=118, mode=0100600, size=0)
cloudimg-rootfs: Clearing orphaned inode 17545 (uid=112, gid=118, mode=0100600, size=0)
cloudimg-rootfs: Clearing orphaned inode 17542 (uid=112, gid=118, mode=0100600, size=0)
cloudimg-rootfs: Clearing orphaned inode 14479 (uid=112, gid=118, mode=0100600, size=0)
cloudimg-rootfs: clean, 112593/5120000 files, 886022/10485499 blocks
done.
[    8.677880] EXT4-fs (sda1): mounted filesystem with ordered data mode. Opts: (null)
done.
Begin: Running /scripts/local-bottom ... done.
Begin: Running /scripts/init-bottom ... done.
[    8.928893] ip_tables: (C) 2000-2006 Netfilter Core Team
[    8.948752] systemd[1]: systemd 237 running in system mode. (+PAM +AUDIT +SELINUX +IMA +APPARMOR +SMACK +SYSVINIT +UTMP +LIBCRYPTSETUP +GCRYPT +GNUTLS +ACL +XZ +LZ4 +SECCOMP +BLKID +ELFUTILS +KMOD -IDN2 +IDN -PCRE2 default-hierarchy=hybrid)
[    8.966182] systemd[1]: Detected virtualization oracle.
[    8.970758] systemd[1]: Detected architecture x86-64.

Welcome to [1mUbuntu 18.04.6 LTS[0m!

[    9.004394] systemd[1]: Set hostname to <sql2>.
[    9.381384] systemd[1]: Reached target System Time Synchronized.
[[0;32m  OK  [0m] Reached target System Time Synchronized.
[    9.402663] systemd[1]: Created slice System Slice.
[[0;32m  OK  [0m] Created slice System Slice.
[    9.412598] systemd[1]: Listening on fsck to fsckd communication Socket.
[[0;32m  OK  [0m] Listening on fsck to fsckd communication Socket.
[    9.423346] systemd[1]: Listening on LVM2 metadata daemon socket.
[[0;32m  OK  [0m] Listening on LVM2 metadata daemon socket.
[    9.434033] systemd[1]: Created slice system-serial\x2dgetty.slice.
[[0;32m  OK  [0m] Created slice system-serial\x2dgetty.slice.
[    9.445404] systemd[1]: Listening on udev Control Socket.
[[0;32m  OK  [0m] Listening on udev Control Socket.
[[0;32m  OK  [0m] Listening on Journal Socket (/dev/log).
[[0;32m  OK  [0m] Listening on Device-mapper event daemon FIFOs.
[[0;32m  OK  [0m] Listening on udev Kernel Socket.
[[0;32m  OK  [0m] Reached target Swap.
[[0;32m  OK  [0m] Listening on Network Service Netlink Socket.
[[0;32m  OK  [0m] Listening on Journal Socket.
         Mounting POSIX Message Queue File System...
         Starting Monitoring of LVM2 mirrors…ng dmeventd or progress polling...
         Mounting Huge Pages File System...
         Starting Create list of required st…ce nodes for the current kernel...
         Starting udev Coldplug all Devices...
[[0;32m  OK  [0m] Reached target resource-agents dependencies.
[[0;32m  OK  [0m] Created slice User and Session Slice.
[[0;32m  OK  [0m] Set up automount Arbitrary Executab…rmats File System Automount Point.
[[0;32m  OK  [0m] Started Forward Password Requests to Wall Directory Watch.
         Starting Load Kernel Modules...
         Starting Uncomplicated firewall...
[[0;32m  OK  [0m] Reached target Mounting snaps.
[[0;32m  OK  [0m] Reached target Mounted snaps.
[[0;32m  OK  [0m] [    9.535620] Loading iSCSI transport class v2.0-870.
Listening on LVM2 poll daemon socket.
[[0;32m  OK  [0m] Reached target Slices.
[[0;32m  OK  [0m] Listening on /dev/initctl Compatibility Named Pipe.[    9.550163] iscsi: registered transport (tcp)

[[0;32m  OK  [0m] Reached target User and Group Name Lookups.
         Starting Remount Root and Kernel File Systems...
         Mounting Kernel Debug File System...
[[0;32m  OK  [0m] Listening on Syslog Socket.
         Starting Set the console keyboard layout...
[[0;32m  OK  [0m] Listening on Journal Audit Socket.
         Starting Journal Service...
[[0;32m  OK  [0m] Mounted POSIX Message Queue File System.
[[0;32m  OK  [0m] Mounted Huge Pages File System.
[[0;32m  OK  [0m] Started Create list of required sta…vice nodes for the current kernel.
[    9.615083] EXT4-fs (sda1): re-mounted. Opts: (null)
[[0;32m  OK  [0m] Started Uncomplicated firewall.
[    9.623987] iscsi: registered transport (iser)
[[0;32m  OK  [0m] Started Remount Root and Kernel File Systems.
[[0;32m  OK  [0m] Mounted Kernel Debug File System.
[[0;32m  OK  [0m] Started LVM2 metadata daemon.
         Starting Load/Save Random Seed...
         Starting Create Static Device Nodes in /dev...
[[0;32m  OK  [0m] Started Load Kernel Modules.
[[0;32m  OK  [0m] Started udev Coldplug all Devices.
[[0;32m  OK  [0m] Started Load/Save Random Seed.
         Mounting FUSE Control File System...
         Mounting Kernel Configuration File System...
         Starting Apply Kernel Variables...
[[0;32m  OK  [0m] Started Journal Service.
[[0;32m  OK  [0m] Started Monitoring of LVM2 mirrors,…sing dmeventd or progress polling.
[[0;32m  OK  [0m] Mounted FUSE Control File System.
[[0;32m  OK  [0m] Mounted Kernel Configuration File System.
         Starting Flush Journal to Persistent Storage...
[[0;32m  OK  [0m] Started Create Static Device Nodes in /dev.
         Starting udev Kernel Device Manager...
[[0;32m  OK  [0m] Started Apply Kernel Variables.
[[0;32m  OK  [0m] Started Set the console keyboard layout.
[[0;32m  OK  [0m] Reached target Local File Systems (Pre).
[[0;32m  OK  [0m] Reached target Local File Systems.
         Starting ebtables ruleset management...
         Starting AppArmor initialization...
         Starting Set console font and keymap...
         Starting Tell Plymouth To Write Out Runtime Data...
[[0;32m  OK  [0m] Started udev Kernel Device Manager.
[[0;32m  OK  [0m] Started Dispatch Password Requests to Console Directory Watch.
[[0;32m  OK  [0m] Reached target Local Encrypted Volumes.
[[0;32m  OK  [0m] Started Tell Plymouth To Write Out Runtime Data.
[[0;32m  OK  [0m] Started Set console font and keymap.
[[0;32m  OK  [0m] Started Flush Journal to Persistent Storage.
         Starting Create Volatile Files and Directories...
[[0;32m  OK  [0m] Started Create Volatile Files and Directories.
         Starting Update UTMP about System Boot/Shutdown...
[[0;32m  OK  [0m] Started Update UTMP about System Boot/Shutdown.
[[0;32m  OK  [0m] Started ebtables ruleset management.
[[0;32m  OK  [0m] Found device /dev/ttyS0.
[[0;32m  OK  [0m] Listening on Load/Save RF Kill Switch Status /dev/rfkill Watch.
[[0;32m  OK  [0m] Started AppArmor initialization.
         Starting Load AppArmor profiles managed internally by snapd...
         Starting Initial cloud-init job (pre-networking)...
         Mounting Arbitrary Executable File Formats File System...
[[0;32m  OK  [0m] Mounted Arbitrary Executable File Formats File System.
[[0;32m  OK  [0m] Started Load AppArmor profiles managed internally by snapd.
[   11.807696] cloud-init[565]: Cloud-init v. 23.1.2-0ubuntu0~18.04.1 running 'init-local' at Thu, 12 Dec 2024 00:28:02 +0000. Up 11.66 seconds.
[[0;32m  OK  [0m] Started Initial cloud-init job (pre-networking).
[[0;32m  OK  [0m] Reached target Network (Pre).
         Starting Network Service...
[[0;32m  OK  [0m] Started Network Service.
         Starting Network Name Resolution...
         Starting Wait for Network to be Configured...
[[0;32m  OK  [0m] Started Network Name Resolution.
[[0;32m  OK  [0m] Reached target Network.
[[0;32m  OK  [0m] Reached target Host and Network Name Lookups.
[[0;32m  OK  [0m] Started Wait for Network to be Configured.
         Starting Initial cloud-init job (metadata service crawler)...
[   13.942630] cloud-init[677]: Cloud-init v. 23.1.2-0ubuntu0~18.04.1 running 'init' at Thu, 12 Dec 2024 00:28:04 +0000. Up 13.84 seconds.
[   13.949982] cloud-init[677]: ci-info: ++++++++++++++++++++++++++++++++++++++Net device info+++++++++++++++++++++++++++++++++++++++
[   13.959049] cloud-init[677]: ci-info: +--------+------+-----------------------------+---------------+--------+-------------------+
[   13.966015] cloud-init[677]: ci-info: | Device |  Up  |           Address           |      Mask     | Scope  |     Hw-Address    |
[   13.972012] cloud-init[677]: ci-info: +--------+------+-----------------------------+---------------+--------+-------------------+
[   13.978118] cloud-init[677]: ci-info: | enp0s3 | True |          10.0.2.15          | 255.255.255.0 | global | 02:3b:7b:b7:3b:2d |
[   13.983821] cloud-init[677]: ci-info: | enp0s3 | True |  fd00::3b:7bff:feb7:3b2d/64 |       .       | global | 02:3b:7b:b7:3b:2d |
[   13.990139] cloud-init[677]: ci-info: | enp0s3 | True |  fe80::3b:7bff:feb7:3b2d/64 |       .       |  link  | 02:3b:7b:b7:3b:2d |
[   13.995863] cloud-init[677]: ci-info: | enp0s8 | True |        192.168.66.112       | 255.255.255.0 | global | 08:00:27:96:44:4e |
[   14.001924] cloud-init[677]: ci-info: | enp0s8 | True | fe80::a00:27ff:fe96:444e/64 |       .       |  link  | 08:00:27:96:44:4e |
[   14.008055] cloud-init[677]: ci-info: |   lo   | True |          127.0.0.1          |   255.0.0.0   |  host  |         .         |
[   14.014248] cloud-init[677]: ci-info: |   lo   | True |           ::1/128           |       .       |  host  |         .         |
[   14.020615] cloud-init[677]: ci-info: +--------+------+-----------------------------+---------------+--------+-------------------+
[   14.026364] cloud-init[677]: ci-info: +++++++++++++++++++++++++++++Route IPv4 info+++++++++++++++++++++++++++++
[   14.032118] cloud-init[677]: ci-info: +-------+--------------+----------+-----------------+-----------+-------+
[   14.037704] cloud-init[677]: ci-info: | Route | Destination  | Gateway  |     Genmask     | Interface | Flags |
[   14.043931] cloud-init[677]: ci-info: +-------+--------------+----------+-----------------+-----------+-------+
[   14.050326] cloud-init[677]: ci-info: |   0   |   0.0.0.0    | 10.0.2.2 |     0.0.0.0     |   enp0s3  |   UG  |
[   14.055524] cloud-init[677]: ci-info: |   1   |   10.0.2.0   | 0.0.0.0  |  255.255.255.0  |   enp0s3  |   U   |
[   14.061176] cloud-init[677]: ci-info: |   2   |   10.0.2.2   | 0.0.0.0  | 255.255.255.255 |   enp0s3  |   UH  |
[   14.066431] cloud-init[677]: ci-info: |   3   | 192.168.66.0 | 0.0.0.0  |  255.255.255.0  |   enp0s8  |   U   |
[   14.071878] cloud-init[677]: ci-info: +-------+--------------+----------+-----------------+-----------+-------+
[   14.077619] cloud-init[677]: ci-info: +++++++++++++++++++Route IPv6 info+++++++++++++++++++
[   14.082783] cloud-init[677]: ci-info: +-------+-------------+---------+-----------+-------+
[   14.087727] cloud-init[677]: ci-info: | Route | Destination | Gateway | Interface | Flags |[[0;32m  OK  [0m] Started Initial cloud-init job (metadata service crawler).
[[0;32m  OK  [0m] Reached target Network is Online.
         Starting Availability of block devices...
[[0;32m  OK  [0m] Reached target Remote File Systems (Pre).
         Mounting /cluster/sql...
         Mounting /vagrant...
[[0;32m  OK  [0m] Reached target System Initialization.
[[0;32m  OK  [0m] Started ACPI Events Check.
[[0;32m  OK  [0m] Listening on ACPID Listen Socket.
[[0;32m  OK  [0m] Listening on D-Bus System Message Bus Socket.
         Starting Socket activation for snappy daemon.
[[0;32m  OK  [0m] Started Daily apt download activities.
[[0;32m  OK  [0m] Started Message of the Day.
[[0;32m  OK  [0m] Reached target Paths.
[[0;32m  OK  [0m] Listening on UUID daemon activation socket.
[[0;32m  OK  [0m] Started Ubuntu Advantage Timer for running repeated jobs.
[[0;32m  OK  [0m] Started Daily Cleanup of Temporary Directories.
         Starting LXD - unix socket.
[[0;32m  OK  [0m] Listening on cloud-init hotplug hook socket.
[[0;32m  OK  [0m] Started Discard unused blocks once a week.
[[0;32m  OK  [0m] Listening on Open-iSCSI iscsid Socket.
[[0;32m  OK  [0m] Started Daily apt upgrade and clean activities.
[[0;32m  OK  [0m] Reached target Timers.
[[0;32m  OK  [0m] Reached target Cloud-config availability.
[[0;32m  OK  [0m] Listening on Socket activation for snappy daemon.
[[0;32m  OK  [0m] Listening on LXD - unix socket.
[[0;32m  OK  [0m] Reached target Sockets.
[[0;32m  OK  [0m] Reached target Basic System.
[[0;32m  OK  [0m] Started PCS GUI and remote configuration interface.
[[0;32m  OK  [0m] Reached target Login Prompts (Pre).
         Starting Corosync Cluster Engine...
[[0;32m  OK  [0m] Started FUSE filesystem for LXC.
         Starting Snap Daemon...
[[0;32m  OK  [0m] Started Deferred execution scheduler.
         Starting LXD - container startup/shutdown...
         Starting Accounts Service...
[[0;32m  OK  [0m] Started D-Bus System Message Bus.

[   14.148972] cloud-init[677]: ci-info: +-------+-------------+---------+-----------+-------+
[   14.158020] cloud-init[677]: ci-info: |   1   |  fd00::/64  |    ::   |   enp0s3  |   U   |
[   14.165840] cloud-init[677]: ci-info: |   2   |  fe80::/64  |    ::   |   enp0s8  |   U   |
[   14.171611] cloud-init[677]: ci-info: |   3   |  fe80::/64  |    ::   |   enp0s3  |   U   |
[   14.177267] cloud-init[677]: ci-info: |   4   |     ::/0    | fe80::2 |   enp0s3  |   UG  |
[   14.182173] cloud-init[677]: ci-info: |   6   |    local    |    ::   |   enp0s3  |   U   |
[   14.187095] cloud-init[677]: ci-info: |   7   |    local    |    ::   |   enp0s8  |   U   |
[   14.192532] cloud-init[677]: ci-info: |   8   |   ff00::/8  |    ::   |   enp0s8  |   U   |
[   14.198269] cloud-init[677]: ci-info: |   9   |   ff00::/8  |    ::   |   enp0s3  |   U   |
[   14.203203] cloud-init[677]: ci-info: +-------+-------------+---------+-----------+-------+
         Starting Virtualbox guest utils...
         Starting ha_logd logging daemon...
[[0;32m  OK  [0m] Started irqbalance daemon.
         Starting System Logging Service...
         Starting LSB: Record successful boot for GRUB...
         Starting MariaDB 10.1.48 database server...
         Starting OpenBSD Secure Shell server...
         Starting Login Service...
[[0;32m  OK  [0m] Started Regular background program processing daemon.
         Starting Dispatcher daemon for systemd-networkd...
[[0;32m  OK  [0m] Started Corosync Cluster Engine.
[[0;32m  OK  [0m] Started Availability of block devices.
[[0;32m  OK  [0m] Mounted /vagrant.
[[0;32m  OK  [0m] Started ha_logd logging daemon.
[[0;32m  OK  [0m] Started Login Service.
[[0;32m  OK  [0m] Started Unattended Upgrades Shutdown.
         Starting Authorization Manager...
         Starting Hostname Service...
[[0;32m  OK  [0m] Started OpenBSD Secure Shell server.
[[0;32m  OK  [0m] Started Authorization Manager.
[[0;32m  OK  [0m] Started Accounts Service.
[[0;32m  OK  [0m] Started Virtualbox guest utils.
[[0;32m  OK  [0m] Started LSB: Record successful boot for GRUB.
[[0;32m  OK  [0m] Started LXD - container startup/shutdown.
[[0;32m  OK  [0m] Started System Logging Service.
[[0;32m  OK  [0m] Started Pacemaker High Availability Cluster Manager.
[[0;32m  OK  [0m] Mounted /cluster/sql.
[[0;32m  OK  [0m] Reached target Remote File Systems.
         Starting Permit User Sessions...
         Starting LSB: automatic crash report generation...
[[0;32m  OK  [0m] Started Permit User Sessions.
         Starting Terminate Plymouth Boot Screen...
         Starting Hold until boot process finishes up...
[[0;32m  OK  [0m] Started Hostname Service.
[[0;32m  OK  [0m] Started Hold until boot process finishes up.
         Starting Set console scheme...
[[0;32m  OK  [0m] Started Serial Getty on ttyS0.
[[0;32m  OK  [0m] Started Terminate Plymouth Boot Screen.
[[0;32m  OK  [0m] Started Set console scheme.
[[0;32m  OK  [0m] Created slice system-getty.slice.
[[0;32m  OK  [0m] Started Getty on tty1.
[[0;32m  OK  [0m] Reached target Login Prompts.
[[0;32m  OK  [0m] Started LSB: automatic crash report generation.
[[0;32m  OK  [0m] Started Dispatcher daemon for systemd-networkd.
[[0;32m  OK  [0m] Started Snap Daemon.
         Starting Wait until snapd is fully seeded...
         Starting Time & Date Service...
[[0;32m  OK  [0m] Started Time & Date Service.
[[0;32m  OK  [0m] Started Wait until snapd is fully seeded.
         Starting Apply the settings specified in cloud-config...
[   17.916410] cloud-init[1341]: Cloud-init v. 23.1.2-0ubuntu0~18.04.1 running 'modules:config' at Thu, 12 Dec 2024 00:28:08 +0000. Up 17.83 seconds.
[[0;32m  OK  [0m] Started Apply the settings specified in cloud-config.
[[0;32m  OK  [0m] Started MariaDB 10.1.48 database server.
[[0;32m  OK  [0m] Reached target Multi-User System.
[[0;32m  OK  [0m] Reached target Graphical Interface.
         Starting Update UTMP about System Runlevel Changes...
         Starting Execute cloud user/final scripts...
[[0;32m  OK  [0m] Started Update UTMP about System Runlevel Changes.
[   18.955827] cloud-init[1434]: Cloud-init v. 23.1.2-0ubuntu0~18.04.1 running 'modules:final' at Thu, 12 Dec 2024 00:28:09 +0000. Up 18.77 seconds.
[   18.961794] cloud-init[1434]: Cloud-init v. 23.1.2-0ubuntu0~18.04.1 finished at Thu, 12 Dec 2024 00:28:09 +0000. Datasource DataSourceNoCloud [seed=/dev/sdb][dsmode=net].  Up 18.94 seconds
[[0;32m  OK  [0m] Started Execute cloud user/final scripts.
[[0;32m  OK  [0m] Reached target Cloud-init target.

Ubuntu 18.04.6 LTS sql2 ttyS0

sql2 login: 